The system is: Windows - 10.0.19045 - AMD64
Compiling the C compiler identification source file "CMakeCCompilerId.c" succeeded.
Compiler: C:/Program Files (x86)/Microsoft Visual Studio/2019/Community/VC/Tools/MSVC/14.29.30133/bin/Hostx86/x86/cl.exe 
Build flags: 
Id flags:  

The output was:
0
Microsoft (R) C/C++ Optimizing Compiler Version 19.29.30137 for x86
Copyright (C) Microsoft Corporation.  All rights reserved.

CMakeCCompilerId.c
Microsoft (R) Incremental Linker Version 14.29.30137.0
Copyright (C) Microsoft Corporation.  All rights reserved.

/out:CMakeCCompilerId.exe 
CMakeCCompilerId.obj 


Compilation of the C compiler identification source "CMakeCCompilerId.c" produced "CMakeCCompilerId.exe"

Compilation of the C compiler identification source "CMakeCCompilerId.c" produced "CMakeCCompilerId.obj"

The C compiler identification is MSVC, found in "C:/Users/itsme007/Documents/Src/intel_8080_emulator/intel_8080_emulator/build/CMakeFiles/3.22.0-rc2/CompilerIdC/CMakeCCompilerId.exe"

Detecting C compiler ABI info compiled with the following output:
Change Dir: C:/Users/itsme007/Documents/Src/intel_8080_emulator/intel_8080_emulator/build/CMakeFiles/CMakeTmp

Run Build Command(s):C:/Users/itsme007/Documents/Apps/depot_tools/ninja.exe cmTC_0fbcf && [1/2] Building C object CMakeFiles\cmTC_0fbcf.dir\CMakeCCompilerABI.c.obj
[2/2] Linking C executable cmTC_0fbcf.exe



